# JRE version: Java(TM) SE Runtime Environment (12.0.1+12) (build 12.0.1+12)
# Java VM: Java HotSpot(TM) 64-Bit Server VM (12.0.1+12, mixed mode, sharing, tiered, compressed oops, g1 gc, windows-amd64)
Heap:
 garbage-first heap   total 433152K, used 17680K [0x0000000700e00000, 0x0000000800000000)
  region size 1024K, 9 young (9216K), 9 survivors (9216K)
 Metaspace       used 18816K, capacity 19265K, committed 19584K, reserved 1064960K
  class space    used 2925K, capacity 3091K, committed 3200K, reserved 1048576K
GC Heap History (10 events):
Event: 3.134 GC heap after
{Heap after GC invocations=9 (full 0):
 garbage-first heap   total 262144K, used 13410K [0x0000000700e00000, 0x0000000800000000)
  region size 1024K, 9 young (9216K), 9 survivors (9216K)
 Metaspace       used 18816K, capacity 19265K, committed 19584K, reserved 1064960K
  class space    used 2925K, capacity 3091K, committed 3200K, reserved 1048576K
}
Event: 3.173 GC heap before
{Heap before GC invocations=9 (full 0):
 garbage-first heap   total 262144K, used 160866K [0x0000000700e00000, 0x0000000800000000)
  region size 1024K, 153 young (156672K), 9 survivors (9216K)
 Metaspace       used 18816K, capacity 19265K, committed 19584K, reserved 1064960K
  class space    used 2925K, capacity 3091K, committed 3200K, reserved 1048576K
}
Event: 3.181 GC heap after
{Heap after GC invocations=10 (full 0):
 garbage-first heap   total 262144K, used 13061K [0x0000000700e00000, 0x0000000800000000)
  region size 1024K, 8 young (8192K), 8 survivors (8192K)
 Metaspace       used 18816K, capacity 19265K, committed 19584K, reserved 1064960K
  class space    used 2925K, capacity 3091K, committed 3200K, reserved 1048576K
}
Event: 3.220 GC heap before
{Heap before GC invocations=10 (full 0):
 garbage-first heap   total 262144K, used 161541K [0x0000000700e00000, 0x0000000800000000)
  region size 1024K, 153 young (156672K), 8 survivors (8192K)
 Metaspace       used 18816K, capacity 19265K, committed 19584K, reserved 1064960K
  class space    used 2925K, capacity 3091K, committed 3200K, reserved 1048576K
}
Event: 3.230 GC heap after
{Heap after GC invocations=11 (full 0):
 garbage-first heap   total 262144K, used 13071K [0x0000000700e00000, 0x0000000800000000)
  region size 1024K, 8 young (8192K), 8 survivors (8192K)
 Metaspace       used 18816K, capacity 19265K, committed 19584K, reserved 1064960K
  class space    used 2925K, capacity 3091K, committed 3200K, reserved 1048576K
}
Event: 3.270 GC heap before
{Heap before GC invocations=11 (full 0):
 garbage-first heap   total 262144K, used 161551K [0x0000000700e00000, 0x0000000800000000)
  region size 1024K, 153 young (156672K), 8 survivors (8192K)
 Metaspace       used 18816K, capacity 19265K, committed 19584K, reserved 1064960K
  class space    used 2925K, capacity 3091K, committed 3200K, reserved 1048576K
}
Event: 3.279 GC heap after
{Heap after GC invocations=12 (full 0):
 garbage-first heap   total 262144K, used 12903K [0x0000000700e00000, 0x0000000800000000)
  region size 1024K, 8 young (8192K), 8 survivors (8192K)
 Metaspace       used 18816K, capacity 19265K, committed 19584K, reserved 1064960K
  class space    used 2925K, capacity 3091K, committed 3200K, reserved 1048576K
}
Event: 3.319 GC heap before
{Heap before GC invocations=12 (full 0):
 garbage-first heap   total 262144K, used 161383K [0x0000000700e00000, 0x0000000800000000)
  region size 1024K, 153 young (156672K), 8 survivors (8192K)
 Metaspace       used 18816K, capacity 19265K, committed 19584K, reserved 1064960K
  class space    used 2925K, capacity 3091K, committed 3200K, reserved 1048576K
}
Event: 3.324 GC heap after
{Heap after GC invocations=13 (full 0):
 garbage-first heap   total 262144K, used 13237K [0x0000000700e00000, 0x0000000800000000)
  region size 1024K, 8 young (8192K), 8 survivors (8192K)
 Metaspace       used 18816K, capacity 19265K, committed 19584K, reserved 1064960K
  class space    used 2925K, capacity 3091K, committed 3200K, reserved 1048576K
}
Event: 3.365 GC heap before
{Heap before GC invocations=13 (full 0):
 garbage-first heap   total 262144K, used 165813K [0x0000000700e00000, 0x0000000800000000)
  region size 1024K, 153 young (156672K), 8 survivors (8192K)
 Metaspace       used 18816K, capacity 19265K, committed 19584K, reserved 1064960K
  class space    used 2925K, capacity 3091K, committed 3200K, reserved 1048576K
}

