# JRE version: Java(TM) SE Runtime Environment (12.0.1+12) (build 12.0.1+12)
# Java VM: Java HotSpot(TM) 64-Bit Server VM (12.0.1+12, mixed mode, sharing, tiered, compressed oops, g1 gc, windows-amd64)
Heap:
 garbage-first heap   total 921600K, used 21247K [0x0000000700e00000, 0x0000000800000000)
  region size 1024K, 1 young (1024K), 1 survivors (1024K)
 Metaspace       used 18261K, capacity 18685K, committed 18944K, reserved 1064960K
  class space    used 2860K, capacity 2992K, committed 3072K, reserved 1048576K
GC Heap History (10 events):
Event: 3.308 GC heap after
{Heap after GC invocations=14 (full 0):
 garbage-first heap   total 315392K, used 16983K [0x0000000700e00000, 0x0000000800000000)
  region size 1024K, 8 young (8192K), 8 survivors (8192K)
 Metaspace       used 18261K, capacity 18685K, committed 18944K, reserved 1064960K
  class space    used 2860K, capacity 2992K, committed 3072K, reserved 1048576K
}
Event: 3.354 GC heap before
{Heap before GC invocations=14 (full 0):
 garbage-first heap   total 315392K, used 197207K [0x0000000700e00000, 0x0000000800000000)
  region size 1024K, 184 young (188416K), 8 survivors (8192K)
 Metaspace       used 18261K, capacity 18685K, committed 18944K, reserved 1064960K
  class space    used 2860K, capacity 2992K, committed 3072K, reserved 1048576K
}
Event: 3.359 GC heap after
{Heap after GC invocations=15 (full 0):
 garbage-first heap   total 477184K, used 16979K [0x0000000700e00000, 0x0000000800000000)
  region size 1024K, 8 young (8192K), 8 survivors (8192K)
 Metaspace       used 18261K, capacity 18685K, committed 18944K, reserved 1064960K
  class space    used 2860K, capacity 2992K, committed 3072K, reserved 1048576K
}
Event: 3.477 GC heap before
{Heap before GC invocations=15 (full 0):
 garbage-first heap   total 477184K, used 294483K [0x0000000700e00000, 0x0000000800000000)
  region size 1024K, 279 young (285696K), 8 survivors (8192K)
 Metaspace       used 18261K, capacity 18685K, committed 18944K, reserved 1064960K
  class space    used 2860K, capacity 2992K, committed 3072K, reserved 1048576K
}
Event: 3.487 GC heap after
{Heap after GC invocations=16 (full 0):
 garbage-first heap   total 477184K, used 16680K [0x0000000700e00000, 0x0000000800000000)
  region size 1024K, 5 young (5120K), 5 survivors (5120K)
 Metaspace       used 18261K, capacity 18685K, committed 18944K, reserved 1064960K
  class space    used 2860K, capacity 2992K, committed 3072K, reserved 1048576K
}
Event: 3.562 GC heap before
{Heap before GC invocations=16 (full 0):
 garbage-first heap   total 477184K, used 297256K [0x0000000700e00000, 0x0000000800000000)
  region size 1024K, 279 young (285696K), 5 survivors (5120K)
 Metaspace       used 18261K, capacity 18685K, committed 18944K, reserved 1064960K
  class space    used 2860K, capacity 2992K, committed 3072K, reserved 1048576K
}
Event: 3.565 GC heap after
{Heap after GC invocations=17 (full 0):
 garbage-first heap   total 477184K, used 16820K [0x0000000700e00000, 0x0000000800000000)
  region size 1024K, 2 young (2048K), 2 survivors (2048K)
 Metaspace       used 18261K, capacity 18685K, committed 18944K, reserved 1064960K
  class space    used 2860K, capacity 2992K, committed 3072K, reserved 1048576K
}
Event: 3.645 GC heap before
{Heap before GC invocations=17 (full 0):
 garbage-first heap   total 477184K, used 300468K [0x0000000700e00000, 0x0000000800000000)
  region size 1024K, 279 young (285696K), 2 survivors (2048K)
 Metaspace       used 18261K, capacity 18685K, committed 18944K, reserved 1064960K
  class space    used 2860K, capacity 2992K, committed 3072K, reserved 1048576K
}
Event: 3.647 GC heap after
{Heap after GC invocations=18 (full 0):
 garbage-first heap   total 477184K, used 17155K [0x0000000700e00000, 0x0000000800000000)
  region size 1024K, 1 young (1024K), 1 survivors (1024K)
 Metaspace       used 18261K, capacity 18685K, committed 18944K, reserved 1064960K
  class space    used 2860K, capacity 2992K, committed 3072K, reserved 1048576K
}
Event: 3.724 GC heap before
{Heap before GC invocations=18 (full 0):
 garbage-first heap   total 477184K, used 305923K [0x0000000700e00000, 0x0000000800000000)
  region size 1024K, 279 young (285696K), 1 survivors (1024K)
 Metaspace       used 18261K, capacity 18685K, committed 18944K, reserved 1064960K
  class space    used 2860K, capacity 2992K, committed 3072K, reserved 1048576K
}

