# JRE version: Java(TM) SE Runtime Environment (12.0.1+12) (build 12.0.1+12)
# Java VM: Java HotSpot(TM) 64-Bit Server VM (12.0.1+12, mixed mode, sharing, tiered, compressed oops, g1 gc, windows-amd64)
Heap:
 garbage-first heap   total 540672K, used 153006K [0x0000000700e00000, 0x0000000800000000)
  region size 1024K, 2 young (2048K), 2 survivors (2048K)
 Metaspace       used 1392K, capacity 4775K, committed 4864K, reserved 1056768K
  class space    used 139K, capacity 468K, committed 512K, reserved 1048576K
GC Heap History (10 events):
Event: 32.347 GC heap after
{Heap after GC invocations=19 (full 0):
 garbage-first heap   total 262144K, used 128408K [0x0000000700e00000, 0x0000000800000000)
  region size 1024K, 2 young (2048K), 2 survivors (2048K)
 Metaspace       used 1392K, capacity 4775K, committed 4864K, reserved 1056768K
  class space    used 139K, capacity 468K, committed 512K, reserved 1048576K
}
Event: 32.366 GC heap before
{Heap before GC invocations=20 (full 0):
 garbage-first heap   total 262144K, used 136600K [0x0000000700e00000, 0x0000000800000000)
  region size 1024K, 3 young (3072K), 2 survivors (2048K)
 Metaspace       used 1392K, capacity 4775K, committed 4864K, reserved 1056768K
  class space    used 139K, capacity 468K, committed 512K, reserved 1048576K
}
Event: 32.368 GC heap after
{Heap after GC invocations=21 (full 0):
 garbage-first heap   total 262144K, used 136583K [0x0000000700e00000, 0x0000000800000000)
  region size 1024K, 2 young (2048K), 2 survivors (2048K)
 Metaspace       used 1392K, capacity 4775K, committed 4864K, reserved 1056768K
  class space    used 139K, capacity 468K, committed 512K, reserved 1048576K
}
Event: 32.387 GC heap before
{Heap before GC invocations=22 (full 0):
 garbage-first heap   total 262144K, used 144775K [0x0000000700e00000, 0x0000000800000000)
  region size 1024K, 3 young (3072K), 2 survivors (2048K)
 Metaspace       used 1392K, capacity 4775K, committed 4864K, reserved 1056768K
  class space    used 139K, capacity 468K, committed 512K, reserved 1048576K
}
Event: 32.388 GC heap after
{Heap after GC invocations=23 (full 0):
 garbage-first heap   total 262144K, used 144819K [0x0000000700e00000, 0x0000000800000000)
  region size 1024K, 2 young (2048K), 2 survivors (2048K)
 Metaspace       used 1392K, capacity 4775K, committed 4864K, reserved 1056768K
  class space    used 139K, capacity 468K, committed 512K, reserved 1048576K
}
Event: 32.394 GC heap before
{Heap before GC invocations=24 (full 0):
 garbage-first heap   total 262144K, used 157107K [0x0000000700e00000, 0x0000000800000000)
  region size 1024K, 3 young (3072K), 2 survivors (2048K)
 Metaspace       used 1392K, capacity 4775K, committed 4864K, reserved 1056768K
  class space    used 139K, capacity 468K, committed 512K, reserved 1048576K
}
Event: 32.395 GC heap after
{Heap after GC invocations=25 (full 0):
 garbage-first heap   total 262144K, used 157074K [0x0000000700e00000, 0x0000000800000000)
  region size 1024K, 2 young (2048K), 2 survivors (2048K)
 Metaspace       used 1392K, capacity 4775K, committed 4864K, reserved 1056768K
  class space    used 139K, capacity 468K, committed 512K, reserved 1048576K
}
Event: 32.400 GC heap before
{Heap before GC invocations=26 (full 0):
 garbage-first heap   total 270336K, used 165266K [0x0000000700e00000, 0x0000000800000000)
  region size 1024K, 3 young (3072K), 2 survivors (2048K)
 Metaspace       used 1392K, capacity 4775K, committed 4864K, reserved 1056768K
  class space    used 139K, capacity 468K, committed 512K, reserved 1048576K
}
Event: 32.403 GC heap after
{Heap after GC invocations=27 (full 0):
 garbage-first heap   total 270336K, used 144735K [0x0000000700e00000, 0x0000000800000000)
  region size 1024K, 2 young (2048K), 2 survivors (2048K)
 Metaspace       used 1392K, capacity 4775K, committed 4864K, reserved 1056768K
  class space    used 139K, capacity 468K, committed 512K, reserved 1048576K
}
Event: 32.422 GC heap before
{Heap before GC invocations=28 (full 0):
 garbage-first heap   total 270336K, used 152927K [0x0000000700e00000, 0x0000000800000000)
  region size 1024K, 3 young (3072K), 2 survivors (2048K)
 Metaspace       used 1392K, capacity 4775K, committed 4864K, reserved 1056768K
  class space    used 139K, capacity 468K, committed 512K, reserved 1048576K
}

